Using pre-set license
Built from '2020.3/staging' branch; Version is '2020.3.4f1 (0abb6314276a) revision 703331'; Using compiler version '192528614'; Build Type 'Release'
OS: 'Windows 10 Enterprise; OS build 17134.2145; Version 1803; 64bit' Language: 'ca' Physical Memory: 16257 MB
BatchMode: 1, IsHumanControllingUs: 0, StartBugReporterOnCrash: 0, Is64bit: 1, IsPro: 0

 COMMAND LINE ARGUMENTS:
C:\Program Files\Unity\Hub\Editor\2020.3.4f1\Editor\Unity.exe
-adb2
-batchMode
-noUpm
-name
AssetImportWorker0
-projectPath
E:/Docencia/Material_Moduls/M8_PMDM/gitRepo/2020_21/ICB0_M08_PMDM_Samples_20_21/20210420_hello_unity/HelloWorld
-logFile
Logs/AssetImportWorker0.log
-srvPort
50062
Successfully changed project path to: E:/Docencia/Material_Moduls/M8_PMDM/gitRepo/2020_21/ICB0_M08_PMDM_Samples_20_21/20210420_hello_unity/HelloWorld
E:/Docencia/Material_Moduls/M8_PMDM/gitRepo/2020_21/ICB0_M08_PMDM_Samples_20_21/20210420_hello_unity/HelloWorld
Using Asset Import Pipeline V2.
Refreshing native plugins compatible for Editor in 21.21 ms, found 0 plugins.
Preloading 0 native plugins for Editor in 0.00 ms.
Initialize engine version: 2020.3.4f1 (0abb6314276a)
[Subsystems] Discovering subsystems at path C:/Program Files/Unity/Hub/Editor/2020.3.4f1/Editor/Data/Resources/UnitySubsystems
[Subsystems] Discovering subsystems at path E:/Docencia/Material_Moduls/M8_PMDM/gitRepo/2020_21/ICB0_M08_PMDM_Samples_20_21/20210420_hello_unity/HelloWorld/Assets
GfxDevice: creating device client; threaded=0
Direct3D:
    Version:  Direct3D 11.0 [level 11.1]
    Renderer: NVIDIA GeForce GTX 1050 (ID=0x1c8d)
    Vendor:   
    VRAM:     4021 MB
    Driver:   26.21.14.3165
Initialize mono
Mono path[0] = 'C:/Program Files/Unity/Hub/Editor/2020.3.4f1/Editor/Data/Managed'
Mono path[1] = 'C:/Program Files/Unity/Hub/Editor/2020.3.4f1/Editor/Data/MonoBleedingEdge/lib/mono/unityjit'
Mono config path = 'C:/Program Files/Unity/Hub/Editor/2020.3.4f1/Editor/Data/MonoBleedingEdge/etc'
Using monoOptions --debugger-agent=transport=dt_socket,embedding=1,server=y,suspend=n,address=127.0.0.1:56468
Begin MonoManager ReloadAssembly
Registering precompiled unity dll's ...
Register platform support module: C:/Program Files/Unity/Hub/Editor/2020.3.4f1/Editor/Data/PlaybackEngines/WindowsStandaloneSupport/UnityEditor.WindowsStandalone.Extensions.dll
Registered in 0.001468 seconds.
Native extension for WindowsStandalone target not found
Refreshing native plugins compatible for Editor in 21.05 ms, found 0 plugins.
Preloading 0 native plugins for Editor in 0.00 ms.
Mono: successfully reloaded assembly
- Completed reload, in  1.097 seconds
Platform modules already initialized, skipping
Registering precompiled user dll's ...
Registered in 0.000575 seconds.
Begin MonoManager ReloadAssembly
Native extension for WindowsStandalone target not found
Refreshing native plugins compatible for Editor in 0.19 ms, found 0 plugins.
Preloading 0 native plugins for Editor in 0.00 ms.
Mono: successfully reloaded assembly
- Completed reload, in  0.734 seconds
Platform modules already initialized, skipping
========================================================================
Worker process is ready to serve import requests
Launched and connected shader compiler UnityShaderCompiler.exe after 0.03 seconds
Refreshing native plugins compatible for Editor in 0.28 ms, found 0 plugins.
Preloading 0 native plugins for Editor in 0.00 ms.
Unloading 1115 Unused Serialized files (Serialized files now loaded: 0)
System memory in use before: 57.5 MB.
System memory in use after: 57.5 MB.

Unloading 10 unused Assets to reduce memory usage. Loaded Objects now: 1557.
Total: 2.437300 ms (FindLiveObjects: 0.162400 ms CreateObjectMapping: 0.047400 ms MarkObjects: 2.097100 ms  DeleteObjects: 0.128800 ms)

========================================================================
Received Import Request.
  path: Assets
  artifactKey: Guid(00000000000000001000000000000000) Importer(815301076,1909f56bfc062723c751e8b465ee728b)
Start importing Assets using Guid(00000000000000001000000000000000) Importer(815301076,1909f56bfc062723c751e8b465ee728b)  -> (artifact id: '025e4f587c23674256bb898581e82961') in 0.011605 seconds
  Import took 0.013557 seconds .

========================================================================
Received Import Request.
  Time since last request: 6.457297 seconds.
  path: Assets/Prefabs
  artifactKey: Guid(bafb85855e2325541994c5bea5000157) Importer(815301076,1909f56bfc062723c751e8b465ee728b)
Start importing Assets/Prefabs using Guid(bafb85855e2325541994c5bea5000157) Importer(815301076,1909f56bfc062723c751e8b465ee728b)  -> (artifact id: '286582bdf8d3e5601708323543e0c044') in 0.005243 seconds
  Import took 0.008038 seconds .

========================================================================
Received Import Request.
  Time since last request: 17.831780 seconds.
  path: Assets/Prefabs/DustTrail.prefab
  artifactKey: Guid(a7b68ab5426041f4680537e3d1ea0472) Importer(815301076,1909f56bfc062723c751e8b465ee728b)
Start importing Assets/Prefabs/DustTrail.prefab using Guid(a7b68ab5426041f4680537e3d1ea0472) Importer(815301076,1909f56bfc062723c751e8b465ee728b)  -> (artifact id: 'bd162ccbc1e7650f8720d8e72b00c140') in 0.070069 seconds
  Import took 0.073367 seconds .

========================================================================
Received Import Request.
  Time since last request: 0.000584 seconds.
  path: Assets/Prefabs/TankExplosion.prefab
  artifactKey: Guid(2088b42a60eda8242ba075db323a475f) Importer(815301076,1909f56bfc062723c751e8b465ee728b)
Start importing Assets/Prefabs/TankExplosion.prefab using Guid(2088b42a60eda8242ba075db323a475f) Importer(815301076,1909f56bfc062723c751e8b465ee728b)  -> (artifact id: '5e9be4b851bb71da956232ce1ca9a736') in 0.008450 seconds
  Import took 0.011298 seconds .

========================================================================
Received Import Request.
  Time since last request: 0.000436 seconds.
  path: Assets/Prefabs/Tank.prefab
  artifactKey: Guid(fa06a0e167dd8eb48af44e340d42aa36) Importer(815301076,1909f56bfc062723c751e8b465ee728b)
Start importing Assets/Prefabs/Tank.prefab using Guid(fa06a0e167dd8eb48af44e340d42aa36) Importer(815301076,1909f56bfc062723c751e8b465ee728b)  -> (artifact id: '79fdc0efb758495377c68d1ad7cc782d') in 0.013932 seconds
  Import took 0.016990 seconds .

========================================================================
Received Import Request.
  Time since last request: 0.000438 seconds.
  path: Assets/Prefabs/PumpJack.prefab
  artifactKey: Guid(9ba5c26c97168014384cd77b7ea535e3) Importer(815301076,1909f56bfc062723c751e8b465ee728b)
Start importing Assets/Prefabs/PumpJack.prefab using Guid(9ba5c26c97168014384cd77b7ea535e3) Importer(815301076,1909f56bfc062723c751e8b465ee728b)  -> (artifact id: '581aae00686e790e4f77d84e5744e408') in 0.008878 seconds
  Import took 0.011604 seconds .

========================================================================
Received Import Request.
  Time since last request: 0.000379 seconds.
  path: Assets/Prefabs/ShellExplosion.prefab
  artifactKey: Guid(5ac15b97e2c35f649b39526a8e3bb0f8) Importer(815301076,1909f56bfc062723c751e8b465ee728b)
Start importing Assets/Prefabs/ShellExplosion.prefab using Guid(5ac15b97e2c35f649b39526a8e3bb0f8) Importer(815301076,1909f56bfc062723c751e8b465ee728b)  -> (artifact id: '01fe6c616365e9257b699ccfdc59fc07') in 0.010828 seconds
  Import took 0.013244 seconds .

========================================================================
Received Import Request.
  Time since last request: 0.000383 seconds.
  path: Assets/Prefabs/LevelArt.prefab
  artifactKey: Guid(1273c5579a67c334586cb209c4aeb287) Importer(815301076,1909f56bfc062723c751e8b465ee728b)
Start importing Assets/Prefabs/LevelArt.prefab using Guid(1273c5579a67c334586cb209c4aeb287) Importer(815301076,1909f56bfc062723c751e8b465ee728b)  -> (artifact id: '001b0715213f05657c7cd5eff8360d23') in 0.012775 seconds
  Import took 0.015671 seconds .

========================================================================
Received Import Request.
  Time since last request: 0.001770 seconds.
  path: Assets/Prefabs/ShellExplosion.prefab
  artifactKey: Guid(5ac15b97e2c35f649b39526a8e3bb0f8) Importer(815301076,1909f56bfc062723c751e8b465ee728b)
Start importing Assets/Prefabs/ShellExplosion.prefab using Guid(5ac15b97e2c35f649b39526a8e3bb0f8) Importer(815301076,1909f56bfc062723c751e8b465ee728b)  -> (artifact id: '01fe6c616365e9257b699ccfdc59fc07') in 0.008397 seconds
  Import took 0.011836 seconds .

========================================================================
Received Import Request.
  Time since last request: 116.448308 seconds.
  path: Assets/Models
  artifactKey: Guid(aae91e13d8468d74f9faa2d5ad9b7c49) Importer(815301076,1909f56bfc062723c751e8b465ee728b)
Start importing Assets/Models using Guid(aae91e13d8468d74f9faa2d5ad9b7c49) Importer(815301076,1909f56bfc062723c751e8b465ee728b)  -> (artifact id: 'fc8146e9ab2745795b849a92c2cddc81') in 0.005985 seconds
  Import took 0.008991 seconds .

========================================================================
Received Import Request.
  Time since last request: 1.491206 seconds.
  path: Assets/Models/Building01.fbx
  artifactKey: Guid(f698f69d64c51f8438d853e5c274e5fc) Importer(815301076,1909f56bfc062723c751e8b465ee728b)
Start importing Assets/Models/Building01.fbx using Guid(f698f69d64c51f8438d853e5c274e5fc) Importer(815301076,1909f56bfc062723c751e8b465ee728b)  -> (artifact id: '49c4cd58d0461a9f679ed6803deec3e4') in 0.340465 seconds
  Import took 0.343190 seconds .

========================================================================
Received Import Request.
  Time since last request: 0.000300 seconds.
  path: Assets/Models/Cliff.fbx
  artifactKey: Guid(12783825d19a606449c1d81b822fb4a2) Importer(815301076,1909f56bfc062723c751e8b465ee728b)
Start importing Assets/Models/Cliff.fbx using Guid(12783825d19a606449c1d81b822fb4a2) Importer(815301076,1909f56bfc062723c751e8b465ee728b)  -> (artifact id: 'caa8bb0cc13f806cab60bb0600baebd7') in 0.037802 seconds
  Import took 0.039672 seconds .

========================================================================
Received Import Request.
  Time since last request: 0.000338 seconds.
  path: Assets/Models/Building02.fbx
  artifactKey: Guid(7fa610bf2b9bccd48a9b3a6d79f90a37) Importer(815301076,1909f56bfc062723c751e8b465ee728b)
Start importing Assets/Models/Building02.fbx using Guid(7fa610bf2b9bccd48a9b3a6d79f90a37) Importer(815301076,1909f56bfc062723c751e8b465ee728b)  -> (artifact id: 'c0c64198ff092d3386cb65bd3175a3ba') in 0.023476 seconds
  Import took 0.025482 seconds .

========================================================================
Received Import Request.
  Time since last request: 0.000368 seconds.
  path: Assets/Models/BustedTank.fbx
  artifactKey: Guid(8c6d26fe262194242becdec17209d306) Importer(815301076,1909f56bfc062723c751e8b465ee728b)
Start importing Assets/Models/BustedTank.fbx using Guid(8c6d26fe262194242becdec17209d306) Importer(815301076,1909f56bfc062723c751e8b465ee728b)  -> (artifact id: 'b2846e792f198d0f46bdfcd04e39ceb9') in 0.022691 seconds
  Import took 0.025324 seconds .

========================================================================
Received Import Request.
  Time since last request: 0.000328 seconds.
  path: Assets/Models/Building02.fbx
  artifactKey: Guid(7fa610bf2b9bccd48a9b3a6d79f90a37) Importer(815301076,1909f56bfc062723c751e8b465ee728b)
Start importing Assets/Models/Building02.fbx using Guid(7fa610bf2b9bccd48a9b3a6d79f90a37) Importer(815301076,1909f56bfc062723c751e8b465ee728b)  -> (artifact id: 'c0c64198ff092d3386cb65bd3175a3ba') in 0.023375 seconds
  Import took 0.025354 seconds .

========================================================================
Received Import Request.
  Time since last request: 0.000367 seconds.
  path: Assets/Models/BustedTank.fbx
  artifactKey: Guid(8c6d26fe262194242becdec17209d306) Importer(815301076,1909f56bfc062723c751e8b465ee728b)
Start importing Assets/Models/BustedTank.fbx using Guid(8c6d26fe262194242becdec17209d306) Importer(815301076,1909f56bfc062723c751e8b465ee728b)  -> (artifact id: 'b2846e792f198d0f46bdfcd04e39ceb9') in 0.021930 seconds
  Import took 0.024788 seconds .

========================================================================
Received Import Request.
  Time since last request: 0.000438 seconds.
  path: Assets/Models/Cactus.fbx
  artifactKey: Guid(00b5a8045a3c3914bb0dfdf2d62f05c9) Importer(815301076,1909f56bfc062723c751e8b465ee728b)
Start importing Assets/Models/Cactus.fbx using Guid(00b5a8045a3c3914bb0dfdf2d62f05c9) Importer(815301076,1909f56bfc062723c751e8b465ee728b)  -> (artifact id: '00d2790aeb8e0c445b6cbd7935497518') in 0.024204 seconds
  Import took 0.026226 seconds .

========================================================================
Received Import Request.
  Time since last request: 0.945251 seconds.
  path: Assets/Models/Column01.FBX
  artifactKey: Guid(8d8760d4504814540ba00eaa1d1f43ac) Importer(815301076,1909f56bfc062723c751e8b465ee728b)
Start importing Assets/Models/Column01.FBX using Guid(8d8760d4504814540ba00eaa1d1f43ac) Importer(815301076,1909f56bfc062723c751e8b465ee728b)  -> (artifact id: '5246d0f9c8bf72a60fd1d83ef85eed71') in 0.023460 seconds
  Import took 0.025816 seconds .

========================================================================
Received Import Request.
  Time since last request: 0.025024 seconds.
  path: Assets/Models/Column02.FBX
  artifactKey: Guid(74d835b756ff5654f8060c76cbcb4e19) Importer(815301076,1909f56bfc062723c751e8b465ee728b)
Start importing Assets/Models/Column02.FBX using Guid(74d835b756ff5654f8060c76cbcb4e19) Importer(815301076,1909f56bfc062723c751e8b465ee728b)  -> (artifact id: '23cbb783ed106f62fec9294f7212f540') in 0.348764 seconds
  Import took 0.351019 seconds .

========================================================================
Received Import Request.
  Time since last request: 0.000316 seconds.
  path: Assets/Models/Concrete.fbx
  artifactKey: Guid(a678ab9f67b4ce84093be35214bdb92d) Importer(815301076,1909f56bfc062723c751e8b465ee728b)
Start importing Assets/Models/Concrete.fbx using Guid(a678ab9f67b4ce84093be35214bdb92d) Importer(815301076,1909f56bfc062723c751e8b465ee728b)  -> (artifact id: '8053c07d4b128e9adaa85b9ad0c45af6') in 0.018017 seconds
  Import took 0.020656 seconds .

========================================================================
Received Import Request.
  Time since last request: 0.816954 seconds.
  path: Assets/Models/Cow.fbx
  artifactKey: Guid(961487dad48770a4d867fcbcca1e5950) Importer(815301076,1909f56bfc062723c751e8b465ee728b)
Start importing Assets/Models/Cow.fbx using Guid(961487dad48770a4d867fcbcca1e5950) Importer(815301076,1909f56bfc062723c751e8b465ee728b)  -> (artifact id: 'f87da1e894346ee0e1c4f537ccd55aa4') in 0.016018 seconds
  Import took 0.018825 seconds .

========================================================================
Received Import Request.
  Time since last request: 0.000388 seconds.
  path: Assets/Models/Crater01.fbx
  artifactKey: Guid(aef18f364fed1a64ba495d15dcee610d) Importer(815301076,1909f56bfc062723c751e8b465ee728b)
Start importing Assets/Models/Crater01.fbx using Guid(aef18f364fed1a64ba495d15dcee610d) Importer(815301076,1909f56bfc062723c751e8b465ee728b)  -> (artifact id: 'a67c77b1a70b3622a2d898f346a35307') in 0.019882 seconds
  Import took 0.021857 seconds .

========================================================================
Received Import Request.
  Time since last request: 0.039316 seconds.
  path: Assets/Models/Dunes01.fbx
  artifactKey: Guid(1b0f8caf6ec3ed644bf9751040d84dcb) Importer(815301076,1909f56bfc062723c751e8b465ee728b)
Start importing Assets/Models/Dunes01.fbx using Guid(1b0f8caf6ec3ed644bf9751040d84dcb) Importer(815301076,1909f56bfc062723c751e8b465ee728b)  -> (artifact id: '818710c5fc046455c8b61331e8e9924a') in 0.020743 seconds
  Import took 0.023901 seconds .

========================================================================
Received Import Request.
  Time since last request: 61.296907 seconds.
  path: Assets/Models/Dunes02.fbx
  artifactKey: Guid(38b4fea28f58d3641980a70a5188e750) Importer(815301076,1909f56bfc062723c751e8b465ee728b)
Start importing Assets/Models/Dunes02.fbx using Guid(38b4fea28f58d3641980a70a5188e750) Importer(815301076,1909f56bfc062723c751e8b465ee728b)  -> (artifact id: '800c5843cae6836618d1b0bdf60486b8') in 0.023665 seconds
  Import took 0.026742 seconds .

========================================================================
Received Import Request.
  Time since last request: 0.000269 seconds.
  path: Assets/Models/Helipad.fbx
  artifactKey: Guid(614b6b69c0bbcd945bb2f83eb02a3436) Importer(815301076,1909f56bfc062723c751e8b465ee728b)
Start importing Assets/Models/Helipad.fbx using Guid(614b6b69c0bbcd945bb2f83eb02a3436) Importer(815301076,1909f56bfc062723c751e8b465ee728b)  -> (artifact id: '4394ad985fe21718bbb7a87f1f943c74') in 0.031311 seconds
  Import took 0.033926 seconds .

========================================================================
Received Import Request.
  Time since last request: 0.007680 seconds.
  path: Assets/Models/OilStorage.fbx
  artifactKey: Guid(e307cb54b57a59342868ad47d1ed0c30) Importer(815301076,1909f56bfc062723c751e8b465ee728b)
Start importing Assets/Models/OilStorage.fbx using Guid(e307cb54b57a59342868ad47d1ed0c30) Importer(815301076,1909f56bfc062723c751e8b465ee728b)  -> (artifact id: '22f85bed0447bef4c5b3ef3735b79fa0') in 0.028475 seconds
  Import took 0.031940 seconds .

========================================================================
Received Import Request.
  Time since last request: 0.392147 seconds.
  path: Assets/Models/PalmTree.fbx
  artifactKey: Guid(a1194fc0a76098e499948ecf77b6acdf) Importer(815301076,1909f56bfc062723c751e8b465ee728b)
Start importing Assets/Models/PalmTree.fbx using Guid(a1194fc0a76098e499948ecf77b6acdf) Importer(815301076,1909f56bfc062723c751e8b465ee728b)  -> (artifact id: '2946f55c70b4c49bd033b2fa78ae063e') in 0.020659 seconds
  Import took 0.023108 seconds .

========================================================================
Received Import Request.
  Time since last request: 0.002919 seconds.
  path: Assets/Models/PalmTree.fbx
  artifactKey: Guid(a1194fc0a76098e499948ecf77b6acdf) Importer(815301076,1909f56bfc062723c751e8b465ee728b)
Start importing Assets/Models/PalmTree.fbx using Guid(a1194fc0a76098e499948ecf77b6acdf) Importer(815301076,1909f56bfc062723c751e8b465ee728b)  -> (artifact id: '2946f55c70b4c49bd033b2fa78ae063e') in 0.026097 seconds
  Import took 0.028893 seconds .

========================================================================
Received Import Request.
  Time since last request: 0.000342 seconds.
  path: Assets/Models/PumpJack.fbx
  artifactKey: Guid(d7962f90116a5c94d9a7a2b2e4fbc1b2) Importer(815301076,1909f56bfc062723c751e8b465ee728b)
Start importing Assets/Models/PumpJack.fbx using Guid(d7962f90116a5c94d9a7a2b2e4fbc1b2) Importer(815301076,1909f56bfc062723c751e8b465ee728b)  -> (artifact id: '0371317652ae09edd5c0414eeff55d87') in 0.099092 seconds
  Import took 0.101544 seconds .

========================================================================
Received Import Request.
  Time since last request: 0.000373 seconds.
  path: Assets/Models/Radar.fbx
  artifactKey: Guid(afd58f28713632e419efd8f302698ceb) Importer(815301076,1909f56bfc062723c751e8b465ee728b)
Start importing Assets/Models/Radar.fbx using Guid(afd58f28713632e419efd8f302698ceb) Importer(815301076,1909f56bfc062723c751e8b465ee728b)  -> (artifact id: 'fc59dff6e455dd430b026b9e11781bfd') in 0.019851 seconds
  Import took 0.023903 seconds .

========================================================================
Received Import Request.
  Time since last request: 3.178630 seconds.
  path: Assets/Models/Refinery.fbx
  artifactKey: Guid(6e4d8dfe03882c54380948659f725233) Importer(815301076,1909f56bfc062723c751e8b465ee728b)
Start importing Assets/Models/Refinery.fbx using Guid(6e4d8dfe03882c54380948659f725233) Importer(815301076,1909f56bfc062723c751e8b465ee728b)  -> (artifact id: '8fe7608ad57974a1c32a4cfc7e3dd0fc') in 0.067314 seconds
  Import took 0.069990 seconds .

========================================================================
Received Import Request.
  Time since last request: 0.000384 seconds.
  path: Assets/Models/Rocks01.fbx
  artifactKey: Guid(2964d4e5af87e5245bdd71b73e9b92f1) Importer(815301076,1909f56bfc062723c751e8b465ee728b)
Start importing Assets/Models/Rocks01.fbx using Guid(2964d4e5af87e5245bdd71b73e9b92f1) Importer(815301076,1909f56bfc062723c751e8b465ee728b)  -> (artifact id: '9c16912feca3f94cc36cd3b773dc19d4') in 0.023223 seconds
  Import took 0.025496 seconds .

========================================================================
Received Import Request.
  Time since last request: 0.007018 seconds.
  path: Assets/Models/Rocks02.fbx
  artifactKey: Guid(8f90bdc8aeb4bad4db0cb091100a44f4) Importer(815301076,1909f56bfc062723c751e8b465ee728b)
Start importing Assets/Models/Rocks02.fbx using Guid(8f90bdc8aeb4bad4db0cb091100a44f4) Importer(815301076,1909f56bfc062723c751e8b465ee728b)  -> (artifact id: 'c9ec8320b9fdf7f58bba398dbef870de') in 0.025195 seconds
  Import took 0.028675 seconds .

========================================================================
Received Import Request.
  Time since last request: 0.015024 seconds.
  path: Assets/Models/Rocks03.fbx
  artifactKey: Guid(fd0d7091fe3f1d24e81321bc2e4209df) Importer(815301076,1909f56bfc062723c751e8b465ee728b)
Start importing Assets/Models/Rocks03.fbx using Guid(fd0d7091fe3f1d24e81321bc2e4209df) Importer(815301076,1909f56bfc062723c751e8b465ee728b)  -> (artifact id: '44ab094a7431e9d14e8851f52d16b251') in 0.030270 seconds
  Import took 0.033471 seconds .

========================================================================
Received Import Request.
  Time since last request: 0.000384 seconds.
  path: Assets/Models/Ruins01.fbx
  artifactKey: Guid(8c99ccdf18f6a404f84ffd08488298d8) Importer(815301076,1909f56bfc062723c751e8b465ee728b)
Start importing Assets/Models/Ruins01.fbx using Guid(8c99ccdf18f6a404f84ffd08488298d8) Importer(815301076,1909f56bfc062723c751e8b465ee728b)  -> (artifact id: '02428658ce1bce9a922bf860d1541085') in 0.029623 seconds
  Import took 0.032289 seconds .

========================================================================
Received Import Request.
  Time since last request: 0.000446 seconds.
  path: Assets/Models/Tank.fbx
  artifactKey: Guid(002e2a607f5b64c48be0b3b0d8b8bfdd) Importer(815301076,1909f56bfc062723c751e8b465ee728b)
Start importing Assets/Models/Tank.fbx using Guid(002e2a607f5b64c48be0b3b0d8b8bfdd) Importer(815301076,1909f56bfc062723c751e8b465ee728b)  -> (artifact id: 'eff8b7339e3ea582c14e4eb8e86b99de') in 0.061471 seconds
  Import took 0.064402 seconds .

========================================================================
Received Import Request.
  Time since last request: 0.000429 seconds.
  path: Assets/Models/Shell.fbx
  artifactKey: Guid(9ed1e8a25f964bd4298944675e425a0d) Importer(815301076,1909f56bfc062723c751e8b465ee728b)
Start importing Assets/Models/Shell.fbx using Guid(9ed1e8a25f964bd4298944675e425a0d) Importer(815301076,1909f56bfc062723c751e8b465ee728b)  -> (artifact id: 'ad633da2c132454991f4d3f9f3570abd') in 0.021528 seconds
  Import took 0.024899 seconds .

========================================================================
Received Import Request.
  Time since last request: 0.000414 seconds.
  path: Assets/Models/Terrain.fbx
  artifactKey: Guid(126dbcddb53386c4f969fdf0c555e822) Importer(815301076,1909f56bfc062723c751e8b465ee728b)
Start importing Assets/Models/Terrain.fbx using Guid(126dbcddb53386c4f969fdf0c555e822) Importer(815301076,1909f56bfc062723c751e8b465ee728b)  -> (artifact id: '69cd8386c2cda83b7e9b6559aa7467e8') in 0.024084 seconds
  Import took 0.026611 seconds .

========================================================================
Received Import Request.
  Time since last request: 0.000331 seconds.
  path: Assets/Models/Tree.fbx
  artifactKey: Guid(50912a5d3c9322a46afa5ca162962a5c) Importer(815301076,1909f56bfc062723c751e8b465ee728b)
Start importing Assets/Models/Tree.fbx using Guid(50912a5d3c9322a46afa5ca162962a5c) Importer(815301076,1909f56bfc062723c751e8b465ee728b)  -> (artifact id: '99bd833ed9930be03b5cfc2facb18ed9') in 0.025080 seconds
  Import took 0.027193 seconds .

========================================================================
Received Import Request.
  Time since last request: 0.005035 seconds.
  path: Assets/Models/Tree.fbx
  artifactKey: Guid(50912a5d3c9322a46afa5ca162962a5c) Importer(815301076,1909f56bfc062723c751e8b465ee728b)
Start importing Assets/Models/Tree.fbx using Guid(50912a5d3c9322a46afa5ca162962a5c) Importer(815301076,1909f56bfc062723c751e8b465ee728b)  -> (artifact id: '99bd833ed9930be03b5cfc2facb18ed9') in 0.028082 seconds
  Import took 0.030898 seconds .

========================================================================
Received Import Request.
  Time since last request: 133.999611 seconds.
  path: Assets/Prefabs/LevelArt.prefab
  artifactKey: Guid(1cd1bdb2203012a40ab12a0d2fd7aa88) Importer(815301076,1909f56bfc062723c751e8b465ee728b)
Start importing Assets/Prefabs/LevelArt.prefab using Guid(1cd1bdb2203012a40ab12a0d2fd7aa88) Importer(815301076,1909f56bfc062723c751e8b465ee728b)  -> (artifact id: 'f1227ea5d155694949e89dfc93dc020d') in 0.071121 seconds
  Import took 0.077120 seconds .

========================================================================
Received Import Request.
  Time since last request: 486.850583 seconds.
  path: Assets/Materials
  artifactKey: Guid(2b9a5c4b9a5154c4eac871cc9cd38c0e) Importer(815301076,1909f56bfc062723c751e8b465ee728b)
Start importing Assets/Materials using Guid(2b9a5c4b9a5154c4eac871cc9cd38c0e) Importer(815301076,1909f56bfc062723c751e8b465ee728b)  -> (artifact id: '9a6397ad27008a901009d6d5c3afe88f') in 0.009214 seconds
  Import took 0.014744 seconds .

========================================================================
Received Import Request.
  Time since last request: 0.090473 seconds.
  path: Assets/Materials/Blue.mat
  artifactKey: Guid(ff21ff0ea9b18924bb1fdfbb0e58f5cb) Importer(815301076,1909f56bfc062723c751e8b465ee728b)
Start importing Assets/Materials/Blue.mat using Guid(ff21ff0ea9b18924bb1fdfbb0e58f5cb) Importer(815301076,1909f56bfc062723c751e8b465ee728b)  -> (artifact id: '16f80f254fc028b0ccbe648b75abe4ee') in 0.109571 seconds
  Import took 0.114629 seconds .

========================================================================
Received Import Request.
  Time since last request: 0.000771 seconds.
  path: Assets/Materials/BuildingWhite.mat
  artifactKey: Guid(d0c31a39c426da94496d2abbf928d525) Importer(815301076,1909f56bfc062723c751e8b465ee728b)
Start importing Assets/Materials/BuildingWhite.mat using Guid(d0c31a39c426da94496d2abbf928d525) Importer(815301076,1909f56bfc062723c751e8b465ee728b)  -> (artifact id: 'c5cc37296b936c8420f5f8ca550c0e77') in 0.019499 seconds
  Import took 0.028121 seconds .

========================================================================
Received Import Request.
  Time since last request: 0.000607 seconds.
  path: Assets/Materials/Green.mat
  artifactKey: Guid(c39933e60e73205419d1f79a2af1fdac) Importer(815301076,1909f56bfc062723c751e8b465ee728b)
Start importing Assets/Materials/Green.mat using Guid(c39933e60e73205419d1f79a2af1fdac) Importer(815301076,1909f56bfc062723c751e8b465ee728b)  -> (artifact id: '7c86f56342d465571d358eeb3114dfda') in 0.032578 seconds
  Import took 0.045334 seconds .

========================================================================
Received Import Request.
  Time since last request: 0.001518 seconds.
  path: Assets/Materials/OilDrums.mat
  artifactKey: Guid(b3a1f2f69b4c3a84cba5446e31e87c20) Importer(815301076,1909f56bfc062723c751e8b465ee728b)
Start importing Assets/Materials/OilDrums.mat using Guid(b3a1f2f69b4c3a84cba5446e31e87c20) Importer(815301076,1909f56bfc062723c751e8b465ee728b)  -> (artifact id: 'e1389dd34ca50e68c27300cd4050dccb') in 0.029998 seconds
  Import took 0.034833 seconds .

========================================================================
Received Import Request.
  Time since last request: 0.000516 seconds.
  path: Assets/Materials/TankColour.mat
  artifactKey: Guid(12c120f2400576c4f97a98bcca5529bc) Importer(815301076,1909f56bfc062723c751e8b465ee728b)
Start importing Assets/Materials/TankColour.mat using Guid(12c120f2400576c4f97a98bcca5529bc) Importer(815301076,1909f56bfc062723c751e8b465ee728b)  -> (artifact id: '60cf9bd5b67e0c01ba3288fdba873102') in 0.032490 seconds
  Import took 0.038636 seconds .

========================================================================
Received Import Request.
  Time since last request: 0.000497 seconds.
  path: Assets/Materials/TankGrey.mat
  artifactKey: Guid(c4c5f95d06932564c8672b4bafeb1b28) Importer(815301076,1909f56bfc062723c751e8b465ee728b)
Start importing Assets/Materials/TankGrey.mat using Guid(c4c5f95d06932564c8672b4bafeb1b28) Importer(815301076,1909f56bfc062723c751e8b465ee728b)  -> (artifact id: 'e017f1a9805965c2b15404dd3bbc055a') in 0.026002 seconds
  Import took 0.029967 seconds .

========================================================================
Received Import Request.
  Time since last request: 0.000672 seconds.
  path: Assets/Materials/BuildingGlass.mat
  artifactKey: Guid(7e41e83d6bd224b4d99fa3ffa5e3a3a4) Importer(815301076,1909f56bfc062723c751e8b465ee728b)
Start importing Assets/Materials/BuildingGlass.mat using Guid(7e41e83d6bd224b4d99fa3ffa5e3a3a4) Importer(815301076,1909f56bfc062723c751e8b465ee728b)  -> (artifact id: 'b3eef12909696f29e21d9502c38f14b7') in 0.029213 seconds
  Import took 0.038200 seconds .

========================================================================
Received Import Request.
  Time since last request: 0.000951 seconds.
  path: Assets/Materials/BuildingMetal.mat
  artifactKey: Guid(e7df269b1d6121e4787b2f27aab18dbe) Importer(815301076,1909f56bfc062723c751e8b465ee728b)
Start importing Assets/Materials/BuildingMetal.mat using Guid(e7df269b1d6121e4787b2f27aab18dbe) Importer(815301076,1909f56bfc062723c751e8b465ee728b)  -> (artifact id: '2c13f476bea4b1508461d1eba5d4f837') in 0.033175 seconds
  Import took 0.038959 seconds .

========================================================================
Received Import Request.
  Time since last request: 0.001045 seconds.
  path: Assets/Materials/TankLights.mat
  artifactKey: Guid(574c4e070e5dd0a40a02b979f582a836) Importer(815301076,1909f56bfc062723c751e8b465ee728b)
Start importing Assets/Materials/TankLights.mat using Guid(574c4e070e5dd0a40a02b979f582a836) Importer(815301076,1909f56bfc062723c751e8b465ee728b)  -> (artifact id: 'bda0692481744e565933e743a2b4ce05') in 0.031293 seconds
  Import took 0.038589 seconds .

========================================================================
Received Import Request.
  Time since last request: 0.000699 seconds.
  path: Assets/Materials/Brown.mat
  artifactKey: Guid(65b34bd0b696fd64c809daa8ff1aac63) Importer(815301076,1909f56bfc062723c751e8b465ee728b)
Start importing Assets/Materials/Brown.mat using Guid(65b34bd0b696fd64c809daa8ff1aac63) Importer(815301076,1909f56bfc062723c751e8b465ee728b)  -> (artifact id: 'a1d9b0c9dfe59753ad4a68c316ea83e4') in 0.025277 seconds
  Import took 0.034080 seconds .

========================================================================
Received Import Request.
  Time since last request: 0.001729 seconds.
  path: Assets/Materials/Dust.mat
  artifactKey: Guid(424be3af6ad117140887d3e652a89d24) Importer(815301076,1909f56bfc062723c751e8b465ee728b)
Start importing Assets/Materials/Dust.mat using Guid(424be3af6ad117140887d3e652a89d24) Importer(815301076,1909f56bfc062723c751e8b465ee728b)  -> (artifact id: 'a680023d6af1e6ca1877ca66d4026da4') in 0.433788 seconds
  Import took 0.440559 seconds .

========================================================================
Received Import Request.
  Time since last request: 0.000426 seconds.
  path: Assets/Materials/Red.mat
  artifactKey: Guid(463052f3f7389124f9e7b34b0b931d0d) Importer(815301076,1909f56bfc062723c751e8b465ee728b)
Start importing Assets/Materials/Red.mat using Guid(463052f3f7389124f9e7b34b0b931d0d) Importer(815301076,1909f56bfc062723c751e8b465ee728b)  -> (artifact id: '96a80311449f9ba734dca06022a5f506') in 0.023342 seconds
  Import took 0.030823 seconds .

========================================================================
Received Import Request.
  Time since last request: 0.000555 seconds.
  path: Assets/Materials/White.mat
  artifactKey: Guid(c0d660c0333c4224098a02ecd84d6232) Importer(815301076,1909f56bfc062723c751e8b465ee728b)
Start importing Assets/Materials/White.mat using Guid(c0d660c0333c4224098a02ecd84d6232) Importer(815301076,1909f56bfc062723c751e8b465ee728b)  -> (artifact id: 'd4b00b2e6dd33e4936a5811091f89b6f') in 0.037770 seconds
  Import took 0.045068 seconds .

========================================================================
Received Import Request.
  Time since last request: 0.000741 seconds.
  path: Assets/Materials/Explosion.mat
  artifactKey: Guid(87bf8b67d0a902842a3b617c1c75d6e5) Importer(815301076,1909f56bfc062723c751e8b465ee728b)
Start importing Assets/Materials/Explosion.mat using Guid(87bf8b67d0a902842a3b617c1c75d6e5) Importer(815301076,1909f56bfc062723c751e8b465ee728b)  -> (artifact id: 'dc81f5512801b8fa42298e1881355f9f') in 0.450074 seconds
  Import took 0.455973 seconds .

========================================================================
Received Import Request.
  Time since last request: 0.000371 seconds.
  path: Assets/Materials/Grey.mat
  artifactKey: Guid(db9ceca9e86a2724aaa5c3df2991dba7) Importer(815301076,1909f56bfc062723c751e8b465ee728b)
Start importing Assets/Materials/Grey.mat using Guid(db9ceca9e86a2724aaa5c3df2991dba7) Importer(815301076,1909f56bfc062723c751e8b465ee728b)  -> (artifact id: '49605094347388094955b3027a10941c') in 0.037055 seconds
  Import took 0.041963 seconds .

========================================================================
Received Import Request.
  Time since last request: 0.001097 seconds.
  path: Assets/Materials/BuildingGrey.mat
  artifactKey: Guid(87d2e70ca18454e4f855f8d99afb32e3) Importer(815301076,1909f56bfc062723c751e8b465ee728b)
Start importing Assets/Materials/BuildingGrey.mat using Guid(87d2e70ca18454e4f855f8d99afb32e3) Importer(815301076,1909f56bfc062723c751e8b465ee728b)  -> (artifact id: '13f709c700214bbcfb37d58e78414e30') in 0.087909 seconds
  Import took 0.096145 seconds .

========================================================================
Received Import Request.
  Time since last request: 0.000479 seconds.
  path: Assets/Materials/BuildingStone.mat
  artifactKey: Guid(03ad6a4c3c0e64440b1d6cee74fc2a4f) Importer(815301076,1909f56bfc062723c751e8b465ee728b)
Start importing Assets/Materials/BuildingStone.mat using Guid(03ad6a4c3c0e64440b1d6cee74fc2a4f) Importer(815301076,1909f56bfc062723c751e8b465ee728b)  -> (artifact id: '1c416e1f1250b7cc24944cd50e7aa654') in 0.038289 seconds
  Import took 0.044952 seconds .

========================================================================
Received Import Request.
  Time since last request: 0.001901 seconds.
  path: Assets/Materials/Smoke.mat
  artifactKey: Guid(d391697c7deb3a0459e0cdc4774e1631) Importer(815301076,1909f56bfc062723c751e8b465ee728b)
Start importing Assets/Materials/Smoke.mat using Guid(d391697c7deb3a0459e0cdc4774e1631) Importer(815301076,1909f56bfc062723c751e8b465ee728b)  -> (artifact id: 'd03d544d93dff4307be9f15d073608da') in 0.024203 seconds
  Import took 0.038874 seconds .

========================================================================
Received Import Request.
  Time since last request: 0.000736 seconds.
  path: Assets/Materials/Gold.mat
  artifactKey: Guid(6221f2fbc7212d94cb9c069ee262d824) Importer(815301076,1909f56bfc062723c751e8b465ee728b)
Start importing Assets/Materials/Gold.mat using Guid(6221f2fbc7212d94cb9c069ee262d824) Importer(815301076,1909f56bfc062723c751e8b465ee728b)  -> (artifact id: '9287aa0433dc31e6206afd491d077ddf') in 0.021335 seconds
  Import took 0.040115 seconds .

========================================================================
Received Import Request.
  Time since last request: 11.419209 seconds.
  path: Assets/Materials/YellowDark.mat
  artifactKey: Guid(4b4b25f923792ce4ab819907a4629058) Importer(815301076,1909f56bfc062723c751e8b465ee728b)
Start importing Assets/Materials/YellowDark.mat using Guid(4b4b25f923792ce4ab819907a4629058) Importer(815301076,1909f56bfc062723c751e8b465ee728b)  -> (artifact id: 'bd5c302cd4daba30d548f905e31b52b4') in 0.088775 seconds
  Import took 0.094340 seconds .

========================================================================
Received Import Request.
  Time since last request: 0.000716 seconds.
  path: Assets/Materials/YellowLight.mat
  artifactKey: Guid(2ebf33c8c66048e4392138d1501e6be3) Importer(815301076,1909f56bfc062723c751e8b465ee728b)
Start importing Assets/Materials/YellowLight.mat using Guid(2ebf33c8c66048e4392138d1501e6be3) Importer(815301076,1909f56bfc062723c751e8b465ee728b)  -> (artifact id: 'fec3ca867756b254f306c6f3d7318b7d') in 0.028390 seconds
  Import took 0.042209 seconds .

========================================================================
Received Import Request.
  Time since last request: 0.002032 seconds.
  path: Assets/Materials/YellowDark.mat
  artifactKey: Guid(4b4b25f923792ce4ab819907a4629058) Importer(815301076,1909f56bfc062723c751e8b465ee728b)
Start importing Assets/Materials/YellowDark.mat using Guid(4b4b25f923792ce4ab819907a4629058) Importer(815301076,1909f56bfc062723c751e8b465ee728b)  -> (artifact id: 'bd5c302cd4daba30d548f905e31b52b4') in 0.033470 seconds
  Import took 0.043645 seconds .

========================================================================
Received Import Request.
  Time since last request: 0.000821 seconds.
  path: Assets/Materials/YellowLight.mat
  artifactKey: Guid(2ebf33c8c66048e4392138d1501e6be3) Importer(815301076,1909f56bfc062723c751e8b465ee728b)
Start importing Assets/Materials/YellowLight.mat using Guid(2ebf33c8c66048e4392138d1501e6be3) Importer(815301076,1909f56bfc062723c751e8b465ee728b)  -> (artifact id: 'fec3ca867756b254f306c6f3d7318b7d') in 0.027258 seconds
  Import took 0.032579 seconds .

========================================================================
Received Import Request.
  Time since last request: 3.157972 seconds.
  path: Assets/Materials/New Material.mat
  artifactKey: Guid(0c988bc1e49400442a8e5eab00ebe479) Importer(815301076,1909f56bfc062723c751e8b465ee728b)
Start importing Assets/Materials/New Material.mat using Guid(0c988bc1e49400442a8e5eab00ebe479) Importer(815301076,1909f56bfc062723c751e8b465ee728b)  -> (artifact id: '523162ce5881be609623016178e04f2f') in 0.028271 seconds
  Import took 0.032624 seconds .

========================================================================
Received Import Request.
  Time since last request: 73.210902 seconds.
  path: Assets/Materials/hex_Difuse.jpg
  artifactKey: Guid(a8ae6e8ed113807459a4d223cf632b17) Importer(815301076,1909f56bfc062723c751e8b465ee728b)
Start importing Assets/Materials/hex_Difuse.jpg using Guid(a8ae6e8ed113807459a4d223cf632b17) Importer(815301076,1909f56bfc062723c751e8b465ee728b)  -> (artifact id: 'b86e734c551b94a3abd8f57497a93226') in 0.069872 seconds
  Import took 0.085713 seconds .

========================================================================
Received Import Request.
  Time since last request: 0.000634 seconds.
  path: Assets/Materials/hex_Normal_map.jpg
  artifactKey: Guid(c17726548b7798c4bb712256e661ee50) Importer(815301076,1909f56bfc062723c751e8b465ee728b)
Start importing Assets/Materials/hex_Normal_map.jpg using Guid(c17726548b7798c4bb712256e661ee50) Importer(815301076,1909f56bfc062723c751e8b465ee728b)  -> (artifact id: '6781c4727f647d3f5059184c79879b86') in 0.019801 seconds
  Import took 0.029658 seconds .

========================================================================
Received Import Request.
  Time since last request: 0.002096 seconds.
  path: Assets/Materials/hex_Difuse_2.jpg
  artifactKey: Guid(15515d9d12584074dadfb8c11d198d1d) Importer(815301076,1909f56bfc062723c751e8b465ee728b)
Start importing Assets/Materials/hex_Difuse_2.jpg using Guid(15515d9d12584074dadfb8c11d198d1d) Importer(815301076,1909f56bfc062723c751e8b465ee728b)  -> (artifact id: '7f61d12e12cfe1c558d7646ce9a4d6e1') in 0.024400 seconds
  Import took 0.039849 seconds .

========================================================================
Received Import Request.
  Time since last request: 0.001171 seconds.
  path: Assets/Materials/hex_Height_map.jpg
  artifactKey: Guid(f8497bc11eee74b48920470f90e8e4a0) Importer(815301076,1909f56bfc062723c751e8b465ee728b)
Start importing Assets/Materials/hex_Height_map.jpg using Guid(f8497bc11eee74b48920470f90e8e4a0) Importer(815301076,1909f56bfc062723c751e8b465ee728b)  -> (artifact id: '08088fa5c811bb89b7807470134e53ce') in 0.037365 seconds
  Import took 0.046666 seconds .

========================================================================
Received Import Request.
  Time since last request: 0.000714 seconds.
  path: Assets/Materials/hex_Specular_map.jpg
  artifactKey: Guid(68557157bd48d8a48a698695b3fe8ba4) Importer(815301076,1909f56bfc062723c751e8b465ee728b)
Start importing Assets/Materials/hex_Specular_map.jpg using Guid(68557157bd48d8a48a698695b3fe8ba4) Importer(815301076,1909f56bfc062723c751e8b465ee728b)  -> (artifact id: '10c31f5a63e23d2f6cdeab3a3ac81b92') in 0.026380 seconds
  Import took 0.037434 seconds .

========================================================================
Received Import Request.
  Time since last request: 0.001329 seconds.
  path: Assets/Materials/hex_Height_map.jpg
  artifactKey: Guid(f8497bc11eee74b48920470f90e8e4a0) Importer(815301076,1909f56bfc062723c751e8b465ee728b)
Start importing Assets/Materials/hex_Height_map.jpg using Guid(f8497bc11eee74b48920470f90e8e4a0) Importer(815301076,1909f56bfc062723c751e8b465ee728b)  -> (artifact id: '08088fa5c811bb89b7807470134e53ce') in 0.022515 seconds
  Import took 0.036355 seconds .

========================================================================
Received Import Request.
  Time since last request: 0.005523 seconds.
  path: Assets/Materials/hex_Specular_map.jpg
  artifactKey: Guid(68557157bd48d8a48a698695b3fe8ba4) Importer(815301076,1909f56bfc062723c751e8b465ee728b)
Start importing Assets/Materials/hex_Specular_map.jpg using Guid(68557157bd48d8a48a698695b3fe8ba4) Importer(815301076,1909f56bfc062723c751e8b465ee728b)  -> (artifact id: '10c31f5a63e23d2f6cdeab3a3ac81b92') in 0.023333 seconds
  Import took 0.031361 seconds .

========================================================================
Received Import Request.
  Time since last request: 45.630908 seconds.
  path: Assets/Materials/hex_Difuse_2.jpg
  artifactKey: Guid(15515d9d12584074dadfb8c11d198d1d) Importer(815301076,1909f56bfc062723c751e8b465ee728b)
Start importing Assets/Materials/hex_Difuse_2.jpg using Guid(15515d9d12584074dadfb8c11d198d1d) Importer(815301076,1909f56bfc062723c751e8b465ee728b)  -> (artifact id: '3f98200eb95926f7c360f923449586df') in 0.030032 seconds
  Import took 0.038500 seconds .

========================================================================
Received Import Request.
  Time since last request: 461.404511 seconds.
  path: Assets/Models/mario_main.png
  artifactKey: Guid(fb118e6005ba6b346b81db9928b78e91) Importer(815301076,1909f56bfc062723c751e8b465ee728b)
Start importing Assets/Models/mario_main.png using Guid(fb118e6005ba6b346b81db9928b78e91) Importer(815301076,1909f56bfc062723c751e8b465ee728b)  -> (artifact id: '171a3140f0985ecd820588bda8ab3285') in 0.046873 seconds
  Import took 0.050820 seconds .

========================================================================
Received Import Request.
  Time since last request: 0.000401 seconds.
  path: Assets/Models/marioMixer0T_1-24Run_26-93Volta_94-263Rasca.FBX
  artifactKey: Guid(cd640d14901b6f14dabe636fcac03fec) Importer(815301076,1909f56bfc062723c751e8b465ee728b)
Start importing Assets/Models/marioMixer0T_1-24Run_26-93Volta_94-263Rasca.FBX using Guid(cd640d14901b6f14dabe636fcac03fec) Importer(815301076,1909f56bfc062723c751e8b465ee728b)  -> (artifact id: 'c6d39641200463f3671ff6147306a049') in 0.118918 seconds
  Import took 0.122029 seconds .

========================================================================
Received Import Request.
  Time since last request: 509.437319 seconds.
  path: Assets/Models/marioMixer0T_1-24Run_26-93Volta_94-263Rasca.FBX
  artifactKey: Guid(cd640d14901b6f14dabe636fcac03fec) Importer(815301076,1909f56bfc062723c751e8b465ee728b)
Start importing Assets/Models/marioMixer0T_1-24Run_26-93Volta_94-263Rasca.FBX using Guid(cd640d14901b6f14dabe636fcac03fec) Importer(815301076,1909f56bfc062723c751e8b465ee728b)  -> (artifact id: '4f6d1e7b052e9c1017d867c75fab00c0') in 0.117285 seconds
  Import took 0.123256 seconds .

========================================================================
Received Import Request.
  Time since last request: 106.173240 seconds.
  path: Assets/MarioControler.controller
  artifactKey: Guid(bed8f995ef777e4428eb7747752becc0) Importer(815301076,1909f56bfc062723c751e8b465ee728b)
Start importing Assets/MarioControler.controller using Guid(bed8f995ef777e4428eb7747752becc0) Importer(815301076,1909f56bfc062723c751e8b465ee728b)  -> (artifact id: '2aec31c87d07e42c82be6c19548b86c2') in 0.024084 seconds
  Import took 0.027451 seconds .

========================================================================
Received Import Request.
  Time since last request: 46.096180 seconds.
  path: Assets/MarioControler.controller
  artifactKey: Guid(bed8f995ef777e4428eb7747752becc0) Importer(815301076,1909f56bfc062723c751e8b465ee728b)
Start importing Assets/MarioControler.controller using Guid(bed8f995ef777e4428eb7747752becc0) Importer(815301076,1909f56bfc062723c751e8b465ee728b)  -> (artifact id: 'dd56c9cb95d51c5407e4e7ced2b2c7f7') in 0.275556 seconds
  Import took 0.279728 seconds .

========================================================================
Received Prepare
Registering precompiled user dll's ...
Registered in 0.001500 seconds.
Begin MonoManager ReloadAssembly
Native extension for WindowsStandalone target not found
Refreshing native plugins compatible for Editor in 6.20 ms, found 0 plugins.
Preloading 0 native plugins for Editor in 0.00 ms.
Mono: successfully reloaded assembly
- Completed reload, in  2.524 seconds
Platform modules already initialized, skipping
Refreshing native plugins compatible for Editor in 0.97 ms, found 0 plugins.
Preloading 0 native plugins for Editor in 0.00 ms.
Unloading 1110 Unused Serialized files (Serialized files now loaded: 0)
System memory in use before: 74.8 MB.
System memory in use after: 74.9 MB.

Unloading 5 unused Assets to reduce memory usage. Loaded Objects now: 1606.
Total: 7.301700 ms (FindLiveObjects: 0.764600 ms CreateObjectMapping: 0.391600 ms MarkObjects: 5.890700 ms  DeleteObjects: 0.250200 ms)

========================================================================
Received Import Request.
  Time since last request: 104.500855 seconds.
  path: Assets/Models/marioMixer0T_1-24Run_26-93Volta_94-263Rasca.FBX
  artifactKey: Guid(cd640d14901b6f14dabe636fcac03fec) Importer(815301076,1909f56bfc062723c751e8b465ee728b)
Start importing Assets/Models/marioMixer0T_1-24Run_26-93Volta_94-263Rasca.FBX using Guid(cd640d14901b6f14dabe636fcac03fec) Importer(815301076,1909f56bfc062723c751e8b465ee728b)  -> (artifact id: 'ce4a21a31445055a13be35a72ae2bb5d') in 0.324265 seconds
  Import took 0.352463 seconds .

========================================================================
Received Prepare
Registering precompiled user dll's ...
Registered in 0.000734 seconds.
Begin MonoManager ReloadAssembly
Native extension for WindowsStandalone target not found
Refreshing native plugins compatible for Editor in 0.25 ms, found 0 plugins.
Preloading 0 native plugins for Editor in 0.00 ms.
Mono: successfully reloaded assembly
- Completed reload, in  1.564 seconds
Platform modules already initialized, skipping
Refreshing native plugins compatible for Editor in 0.56 ms, found 0 plugins.
Preloading 0 native plugins for Editor in 0.00 ms.
Unloading 1111 Unused Serialized files (Serialized files now loaded: 0)
System memory in use before: 74.9 MB.
System memory in use after: 75.0 MB.

Unloading 5 unused Assets to reduce memory usage. Loaded Objects now: 1611.
Total: 6.333700 ms (FindLiveObjects: 1.522100 ms CreateObjectMapping: 0.714700 ms MarkObjects: 3.979800 ms  DeleteObjects: 0.110700 ms)

========================================================================
Received Prepare
Registering precompiled user dll's ...
Registered in 0.000796 seconds.
Begin MonoManager ReloadAssembly
Native extension for WindowsStandalone target not found
Refreshing native plugins compatible for Editor in 1.02 ms, found 0 plugins.
Preloading 0 native plugins for Editor in 0.00 ms.
Mono: successfully reloaded assembly
- Completed reload, in  1.705 seconds
Platform modules already initialized, skipping
Refreshing native plugins compatible for Editor in 1.29 ms, found 0 plugins.
Preloading 0 native plugins for Editor in 0.00 ms.
Unloading 1111 Unused Serialized files (Serialized files now loaded: 0)
System memory in use before: 74.9 MB.
System memory in use after: 75.0 MB.

Unloading 5 unused Assets to reduce memory usage. Loaded Objects now: 1614.
Total: 3.046600 ms (FindLiveObjects: 0.167500 ms CreateObjectMapping: 0.046300 ms MarkObjects: 2.738500 ms  DeleteObjects: 0.091900 ms)

========================================================================
Received Prepare
Registering precompiled user dll's ...
Registered in 0.000908 seconds.
Begin MonoManager ReloadAssembly
Native extension for WindowsStandalone target not found
Refreshing native plugins compatible for Editor in 0.70 ms, found 0 plugins.
Preloading 0 native plugins for Editor in 0.00 ms.
Mono: successfully reloaded assembly
- Completed reload, in  1.563 seconds
Platform modules already initialized, skipping
Refreshing native plugins compatible for Editor in 0.49 ms, found 0 plugins.
Preloading 0 native plugins for Editor in 0.00 ms.
Unloading 1111 Unused Serialized files (Serialized files now loaded: 0)
System memory in use before: 74.9 MB.
System memory in use after: 75.0 MB.

Unloading 5 unused Assets to reduce memory usage. Loaded Objects now: 1617.
Total: 2.246100 ms (FindLiveObjects: 0.251300 ms CreateObjectMapping: 0.054500 ms MarkObjects: 1.848800 ms  DeleteObjects: 0.089400 ms)

========================================================================
Received Import Request.
  Time since last request: 472.398899 seconds.
  path: Assets/MarioMove.cs
  artifactKey: Guid(3d14746ae6b15f74b85266af2eecb93d) Importer(815301076,1909f56bfc062723c751e8b465ee728b)
Start importing Assets/MarioMove.cs using Guid(3d14746ae6b15f74b85266af2eecb93d) Importer(815301076,1909f56bfc062723c751e8b465ee728b)  -> (artifact id: 'da72b8f48af2d7761ebc5e66d13b08b3') in 0.031309 seconds
  Import took 0.036042 seconds .

========================================================================
Received Prepare
Registering precompiled user dll's ...
Registered in 0.000848 seconds.
Begin MonoManager ReloadAssembly
Native extension for WindowsStandalone target not found
Refreshing native plugins compatible for Editor in 0.65 ms, found 0 plugins.
Preloading 0 native plugins for Editor in 0.00 ms.
Mono: successfully reloaded assembly
- Completed reload, in  1.485 seconds
Platform modules already initialized, skipping
Refreshing native plugins compatible for Editor in 0.59 ms, found 0 plugins.
Preloading 0 native plugins for Editor in 0.00 ms.
Unloading 1111 Unused Serialized files (Serialized files now loaded: 0)
System memory in use before: 74.9 MB.
System memory in use after: 75.0 MB.

Unloading 5 unused Assets to reduce memory usage. Loaded Objects now: 1620.
Total: 2.886100 ms (FindLiveObjects: 0.197500 ms CreateObjectMapping: 0.041700 ms MarkObjects: 2.558700 ms  DeleteObjects: 0.086900 ms)

========================================================================
Received Prepare
Registering precompiled user dll's ...
Registered in 0.001162 seconds.
Begin MonoManager ReloadAssembly
Native extension for WindowsStandalone target not found
Refreshing native plugins compatible for Editor in 0.23 ms, found 0 plugins.
Preloading 0 native plugins for Editor in 0.00 ms.
Mono: successfully reloaded assembly
- Completed reload, in  1.443 seconds
Platform modules already initialized, skipping
Refreshing native plugins compatible for Editor in 0.60 ms, found 0 plugins.
Preloading 0 native plugins for Editor in 0.00 ms.
Unloading 1111 Unused Serialized files (Serialized files now loaded: 0)
System memory in use before: 74.9 MB.
System memory in use after: 75.0 MB.

Unloading 5 unused Assets to reduce memory usage. Loaded Objects now: 1623.
Total: 6.068900 ms (FindLiveObjects: 0.571700 ms CreateObjectMapping: 0.116600 ms MarkObjects: 4.958600 ms  DeleteObjects: 0.414000 ms)

========================================================================
Received Import Request.
  Time since last request: 198.026701 seconds.
  path: Assets/Scripts/MarioMove.cs
  artifactKey: Guid(3d14746ae6b15f74b85266af2eecb93d) Importer(815301076,1909f56bfc062723c751e8b465ee728b)
Start importing Assets/Scripts/MarioMove.cs using Guid(3d14746ae6b15f74b85266af2eecb93d) Importer(815301076,1909f56bfc062723c751e8b465ee728b)  -> (artifact id: 'c27fd48bcdceba68b27508f9dd9ebfcd') in 0.009117 seconds
  Import took 0.012659 seconds .

========================================================================
Received Prepare
Registering precompiled user dll's ...
Registered in 0.000906 seconds.
Begin MonoManager ReloadAssembly
Native extension for WindowsStandalone target not found
Refreshing native plugins compatible for Editor in 0.31 ms, found 0 plugins.
Preloading 0 native plugins for Editor in 0.00 ms.
Mono: successfully reloaded assembly
- Completed reload, in  1.527 seconds
Platform modules already initialized, skipping
Refreshing native plugins compatible for Editor in 0.30 ms, found 0 plugins.
Preloading 0 native plugins for Editor in 0.00 ms.
Unloading 1111 Unused Serialized files (Serialized files now loaded: 0)
System memory in use before: 74.9 MB.
System memory in use after: 75.0 MB.

Unloading 5 unused Assets to reduce memory usage. Loaded Objects now: 1626.
Total: 3.006100 ms (FindLiveObjects: 0.620700 ms CreateObjectMapping: 0.140900 ms MarkObjects: 2.174800 ms  DeleteObjects: 0.062700 ms)

========================================================================
Received Import Request.
  Time since last request: 77.736396 seconds.
  path: Assets/Scripts/MarioMove.cs
  artifactKey: Guid(3d14746ae6b15f74b85266af2eecb93d) Importer(815301076,1909f56bfc062723c751e8b465ee728b)
Start importing Assets/Scripts/MarioMove.cs using Guid(3d14746ae6b15f74b85266af2eecb93d) Importer(815301076,1909f56bfc062723c751e8b465ee728b)  -> (artifact id: '83568ad04a05b09b46254fd5788ddf07') in 0.019319 seconds
  Import took 0.022533 seconds .

========================================================================
Received Import Request.
  Time since last request: 0.097445 seconds.
  path: Assets/Scripts/MarioMove.cs
  artifactKey: Guid(3d14746ae6b15f74b85266af2eecb93d) Importer(815301076,1909f56bfc062723c751e8b465ee728b)
Start importing Assets/Scripts/MarioMove.cs using Guid(3d14746ae6b15f74b85266af2eecb93d) Importer(815301076,1909f56bfc062723c751e8b465ee728b)  -> (artifact id: '83568ad04a05b09b46254fd5788ddf07') in 0.012502 seconds
  Import took 0.019286 seconds .

========================================================================
Received Import Request.
  Time since last request: 2.319021 seconds.
  path: Assets/Scripts/MarioMove.cs
  artifactKey: Guid(3d14746ae6b15f74b85266af2eecb93d) Importer(815301076,1909f56bfc062723c751e8b465ee728b)
Start importing Assets/Scripts/MarioMove.cs using Guid(3d14746ae6b15f74b85266af2eecb93d) Importer(815301076,1909f56bfc062723c751e8b465ee728b)  -> (artifact id: '3ed5330713a93714dada2659ad91ae83') in 0.126973 seconds
  Import took 0.130356 seconds .

========================================================================
Received Import Request.
  Time since last request: 0.006913 seconds.
  path: Assets/Scripts/MarioMove.cs
  artifactKey: Guid(3d14746ae6b15f74b85266af2eecb93d) Importer(815301076,1909f56bfc062723c751e8b465ee728b)
Start importing Assets/Scripts/MarioMove.cs using Guid(3d14746ae6b15f74b85266af2eecb93d) Importer(815301076,1909f56bfc062723c751e8b465ee728b)  -> (artifact id: '3ed5330713a93714dada2659ad91ae83') in 0.021293 seconds
  Import took 0.028538 seconds .

========================================================================
Received Prepare
Registering precompiled user dll's ...
Registered in 0.001157 seconds.
Begin MonoManager ReloadAssembly
Native extension for WindowsStandalone target not found
Refreshing native plugins compatible for Editor in 1.83 ms, found 0 plugins.
Preloading 0 native plugins for Editor in 0.00 ms.
Mono: successfully reloaded assembly
- Completed reload, in  1.653 seconds
Platform modules already initialized, skipping
Refreshing native plugins compatible for Editor in 1.41 ms, found 0 plugins.
Preloading 0 native plugins for Editor in 0.00 ms.
Unloading 1111 Unused Serialized files (Serialized files now loaded: 0)
System memory in use before: 74.9 MB.
System memory in use after: 75.0 MB.

Unloading 5 unused Assets to reduce memory usage. Loaded Objects now: 1629.
Total: 13.228000 ms (FindLiveObjects: 1.030900 ms CreateObjectMapping: 0.748900 ms MarkObjects: 11.327900 ms  DeleteObjects: 0.114700 ms)

========================================================================
Received Prepare
Registering precompiled user dll's ...
Registered in 0.000867 seconds.
Begin MonoManager ReloadAssembly
Native extension for WindowsStandalone target not found
Refreshing native plugins compatible for Editor in 1.64 ms, found 0 plugins.
Preloading 0 native plugins for Editor in 0.00 ms.
Mono: successfully reloaded assembly
- Completed reload, in  1.801 seconds
Platform modules already initialized, skipping
Refreshing native plugins compatible for Editor in 0.66 ms, found 0 plugins.
Preloading 0 native plugins for Editor in 0.00 ms.
Unloading 1111 Unused Serialized files (Serialized files now loaded: 0)
System memory in use before: 74.9 MB.
System memory in use after: 75.0 MB.

Unloading 5 unused Assets to reduce memory usage. Loaded Objects now: 1632.
Total: 2.032100 ms (FindLiveObjects: 0.176100 ms CreateObjectMapping: 0.048800 ms MarkObjects: 1.737200 ms  DeleteObjects: 0.068500 ms)

========================================================================
Received Prepare
Registering precompiled user dll's ...
Registered in 0.001035 seconds.
Begin MonoManager ReloadAssembly
Native extension for WindowsStandalone target not found
Refreshing native plugins compatible for Editor in 0.37 ms, found 0 plugins.
Preloading 0 native plugins for Editor in 0.00 ms.
Mono: successfully reloaded assembly
- Completed reload, in  3.435 seconds
Platform modules already initialized, skipping
Refreshing native plugins compatible for Editor in 0.94 ms, found 0 plugins.
Preloading 0 native plugins for Editor in 0.00 ms.
Unloading 1111 Unused Serialized files (Serialized files now loaded: 0)
System memory in use before: 74.9 MB.
System memory in use after: 75.0 MB.

Unloading 5 unused Assets to reduce memory usage. Loaded Objects now: 1635.
Total: 7.516000 ms (FindLiveObjects: 2.037400 ms CreateObjectMapping: 0.621000 ms MarkObjects: 4.720000 ms  DeleteObjects: 0.099300 ms)

========================================================================
Received Prepare
Registering precompiled user dll's ...
Registered in 0.001550 seconds.
Begin MonoManager ReloadAssembly
Native extension for WindowsStandalone target not found
Refreshing native plugins compatible for Editor in 1.00 ms, found 0 plugins.
Preloading 0 native plugins for Editor in 0.00 ms.
Mono: successfully reloaded assembly
- Completed reload, in  2.636 seconds
Platform modules already initialized, skipping
Refreshing native plugins compatible for Editor in 0.82 ms, found 0 plugins.
Preloading 0 native plugins for Editor in 0.00 ms.
Unloading 1111 Unused Serialized files (Serialized files now loaded: 0)
System memory in use before: 75.0 MB.
System memory in use after: 75.0 MB.

Unloading 5 unused Assets to reduce memory usage. Loaded Objects now: 1638.
Total: 7.203000 ms (FindLiveObjects: 0.645900 ms CreateObjectMapping: 0.112400 ms MarkObjects: 6.136400 ms  DeleteObjects: 0.301500 ms)

========================================================================
Received Prepare
Registering precompiled user dll's ...
Registered in 0.001347 seconds.
Begin MonoManager ReloadAssembly
Native extension for WindowsStandalone target not found
Refreshing native plugins compatible for Editor in 0.30 ms, found 0 plugins.
Preloading 0 native plugins for Editor in 0.00 ms.
Mono: successfully reloaded assembly
- Completed reload, in  2.080 seconds
Platform modules already initialized, skipping
Refreshing native plugins compatible for Editor in 0.24 ms, found 0 plugins.
Preloading 0 native plugins for Editor in 0.00 ms.
Unloading 1111 Unused Serialized files (Serialized files now loaded: 0)
System memory in use before: 75.0 MB.
System memory in use after: 75.0 MB.

Unloading 5 unused Assets to reduce memory usage. Loaded Objects now: 1641.
Total: 2.495200 ms (FindLiveObjects: 0.293000 ms CreateObjectMapping: 0.124900 ms MarkObjects: 1.998800 ms  DeleteObjects: 0.076600 ms)

========================================================================
Received Prepare
Registering precompiled user dll's ...
Registered in 0.001974 seconds.
Begin MonoManager ReloadAssembly
Native extension for WindowsStandalone target not found
Refreshing native plugins compatible for Editor in 0.45 ms, found 0 plugins.
Preloading 0 native plugins for Editor in 0.00 ms.
Mono: successfully reloaded assembly
- Completed reload, in  3.643 seconds
Platform modules already initialized, skipping
Refreshing native plugins compatible for Editor in 0.28 ms, found 0 plugins.
Preloading 0 native plugins for Editor in 0.00 ms.
Unloading 1111 Unused Serialized files (Serialized files now loaded: 0)
System memory in use before: 75.0 MB.
System memory in use after: 75.0 MB.

Unloading 5 unused Assets to reduce memory usage. Loaded Objects now: 1644.
Total: 9.487200 ms (FindLiveObjects: 2.923100 ms CreateObjectMapping: 0.343200 ms MarkObjects: 6.004700 ms  DeleteObjects: 0.205500 ms)

========================================================================
Received Prepare
Registering precompiled user dll's ...
Registered in 0.001624 seconds.
Begin MonoManager ReloadAssembly
Native extension for WindowsStandalone target not found
Refreshing native plugins compatible for Editor in 0.38 ms, found 0 plugins.
Preloading 0 native plugins for Editor in 0.00 ms.
Mono: successfully reloaded assembly
- Completed reload, in  2.577 seconds
Platform modules already initialized, skipping
Refreshing native plugins compatible for Editor in 0.38 ms, found 0 plugins.
Preloading 0 native plugins for Editor in 0.00 ms.
Unloading 1111 Unused Serialized files (Serialized files now loaded: 0)
System memory in use before: 75.0 MB.
System memory in use after: 75.0 MB.

Unloading 5 unused Assets to reduce memory usage. Loaded Objects now: 1647.
Total: 2.340600 ms (FindLiveObjects: 0.215700 ms CreateObjectMapping: 0.080700 ms MarkObjects: 1.977700 ms  DeleteObjects: 0.065100 ms)

========================================================================
Received Prepare
Registering precompiled user dll's ...
Registered in 0.000794 seconds.
Begin MonoManager ReloadAssembly
Native extension for WindowsStandalone target not found
Refreshing native plugins compatible for Editor in 0.36 ms, found 0 plugins.
Preloading 0 native plugins for Editor in 0.00 ms.
Mono: successfully reloaded assembly
- Completed reload, in  3.116 seconds
Platform modules already initialized, skipping
Refreshing native plugins compatible for Editor in 1.03 ms, found 0 plugins.
Preloading 0 native plugins for Editor in 0.00 ms.
Unloading 1111 Unused Serialized files (Serialized files now loaded: 0)
System memory in use before: 75.0 MB.
System memory in use after: 75.0 MB.

Unloading 5 unused Assets to reduce memory usage. Loaded Objects now: 1650.
Total: 4.603500 ms (FindLiveObjects: 0.395400 ms CreateObjectMapping: 0.130000 ms MarkObjects: 3.949200 ms  DeleteObjects: 0.126000 ms)

========================================================================
Received Prepare
Registering precompiled user dll's ...
Registered in 0.000825 seconds.
Begin MonoManager ReloadAssembly
Native extension for WindowsStandalone target not found
Refreshing native plugins compatible for Editor in 0.81 ms, found 0 plugins.
Preloading 0 native plugins for Editor in 0.00 ms.
Mono: successfully reloaded assembly
- Completed reload, in  2.539 seconds
Platform modules already initialized, skipping
Refreshing native plugins compatible for Editor in 0.29 ms, found 0 plugins.
Preloading 0 native plugins for Editor in 0.00 ms.
Unloading 1111 Unused Serialized files (Serialized files now loaded: 0)
System memory in use before: 75.0 MB.
System memory in use after: 75.1 MB.

Unloading 5 unused Assets to reduce memory usage. Loaded Objects now: 1653.
Total: 2.511500 ms (FindLiveObjects: 0.194200 ms CreateObjectMapping: 0.050200 ms MarkObjects: 2.182600 ms  DeleteObjects: 0.082900 ms)

========================================================================
Received Prepare
Registering precompiled user dll's ...
Registered in 0.000727 seconds.
Begin MonoManager ReloadAssembly
Native extension for WindowsStandalone target not found
Refreshing native plugins compatible for Editor in 1.25 ms, found 0 plugins.
Preloading 0 native plugins for Editor in 0.00 ms.
Mono: successfully reloaded assembly
- Completed reload, in  2.602 seconds
Platform modules already initialized, skipping
Refreshing native plugins compatible for Editor in 1.73 ms, found 0 plugins.
Preloading 0 native plugins for Editor in 0.00 ms.
Unloading 1111 Unused Serialized files (Serialized files now loaded: 0)
System memory in use before: 75.0 MB.
System memory in use after: 75.1 MB.

Unloading 5 unused Assets to reduce memory usage. Loaded Objects now: 1656.
Total: 12.178900 ms (FindLiveObjects: 3.434500 ms CreateObjectMapping: 1.097000 ms MarkObjects: 7.313300 ms  DeleteObjects: 0.318900 ms)

========================================================================
Received Prepare
Registering precompiled user dll's ...
Registered in 0.007047 seconds.
Begin MonoManager ReloadAssembly
Native extension for WindowsStandalone target not found
Refreshing native plugins compatible for Editor in 0.73 ms, found 0 plugins.
Preloading 0 native plugins for Editor in 0.00 ms.
Mono: successfully reloaded assembly
- Completed reload, in  3.458 seconds
Platform modules already initialized, skipping
Refreshing native plugins compatible for Editor in 0.35 ms, found 0 plugins.
Preloading 0 native plugins for Editor in 0.00 ms.
Unloading 1111 Unused Serialized files (Serialized files now loaded: 0)
System memory in use before: 75.0 MB.
System memory in use after: 75.1 MB.

Unloading 5 unused Assets to reduce memory usage. Loaded Objects now: 1659.
Total: 9.349500 ms (FindLiveObjects: 2.554900 ms CreateObjectMapping: 1.285400 ms MarkObjects: 5.397700 ms  DeleteObjects: 0.098200 ms)

========================================================================
Received Prepare
Registering precompiled user dll's ...
Registered in 0.001140 seconds.
Begin MonoManager ReloadAssembly
Native extension for WindowsStandalone target not found
Refreshing native plugins compatible for Editor in 0.83 ms, found 0 plugins.
Preloading 0 native plugins for Editor in 0.00 ms.
Mono: successfully reloaded assembly
- Completed reload, in  1.695 seconds
Platform modules already initialized, skipping
Refreshing native plugins compatible for Editor in 6.77 ms, found 0 plugins.
Preloading 0 native plugins for Editor in 0.00 ms.
Unloading 1111 Unused Serialized files (Serialized files now loaded: 0)
System memory in use before: 75.0 MB.
System memory in use after: 75.1 MB.

Unloading 5 unused Assets to reduce memory usage. Loaded Objects now: 1662.
Total: 9.455200 ms (FindLiveObjects: 0.282100 ms CreateObjectMapping: 0.060100 ms MarkObjects: 8.983100 ms  DeleteObjects: 0.125300 ms)

========================================================================
Received Prepare
Registering precompiled user dll's ...
Registered in 0.000651 seconds.
Begin MonoManager ReloadAssembly
Native extension for WindowsStandalone target not found
Refreshing native plugins compatible for Editor in 0.21 ms, found 0 plugins.
Preloading 0 native plugins for Editor in 0.00 ms.
Mono: successfully reloaded assembly
- Completed reload, in  1.366 seconds
Platform modules already initialized, skipping
Refreshing native plugins compatible for Editor in 0.61 ms, found 0 plugins.
Preloading 0 native plugins for Editor in 0.00 ms.
Unloading 1111 Unused Serialized files (Serialized files now loaded: 0)
System memory in use before: 75.0 MB.
System memory in use after: 75.1 MB.

Unloading 5 unused Assets to reduce memory usage. Loaded Objects now: 1665.
Total: 9.290200 ms (FindLiveObjects: 0.643500 ms CreateObjectMapping: 0.230000 ms MarkObjects: 8.269000 ms  DeleteObjects: 0.145600 ms)

AssetImportWorkerClient::OnTransportError - code=2 error=End of file
